[debug] [2023-05-23T12:35:06.113Z] ----------------------------------------------------------------------
[debug] [2023-05-23T12:35:06.120Z] Command:       C:\Program Files\nodejs\node.exe C:\Users\SHAMAN\AppData\Roaming\npm\node_modules\firebase-tools\lib\bin\firebase.js init
[debug] [2023-05-23T12:35:06.122Z] CLI Version:   12.0.0
[debug] [2023-05-23T12:35:06.123Z] Platform:      win32
[debug] [2023-05-23T12:35:06.123Z] Node Version:  v18.15.0
[debug] [2023-05-23T12:35:06.126Z] Time:          Tue May 23 2023 18:05:06 GMT+0530 (India Standard Time)
[debug] [2023-05-23T12:35:06.126Z] ----------------------------------------------------------------------
[debug] 
[debug] [2023-05-23T12:35:06.136Z] >>> [apiv2][query] GET https://firebase-public.firebaseio.com/cli.json [none]
[debug] [2023-05-23T12:35:06.274Z] > command requires scopes: ["email","openid","https://www.googleapis.com/auth/cloudplatformprojects.readonly","https://www.googleapis.com/auth/firebase","https://www.googleapis.com/auth/cloud-platform"]
[debug] [2023-05-23T12:35:06.276Z] > authorizing via signed-in user (antonyjudeshaman.24cs@licet.ac.in)
[info] 
     ######## #### ########  ######## ########     ###     ######  ########
     ##        ##  ##     ## ##       ##     ##  ##   ##  ##       ##
     ######    ##  ########  ######   ########  #########  ######  ######
     ##        ##  ##    ##  ##       ##     ## ##     ##       ## ##
     ##       #### ##     ## ######## ########  ##     ##  ######  ########

You're about to initialize a Firebase project in this directory:

  E:\water quality

[debug] [2023-05-23T12:35:06.897Z] <<< [apiv2][status] GET https://firebase-public.firebaseio.com/cli.json 200
[debug] [2023-05-23T12:35:06.898Z] <<< [apiv2][body] GET https://firebase-public.firebaseio.com/cli.json {"cloudBuildErrorAfter":1594252800000,"cloudBuildWarnAfter":1590019200000,"defaultNode10After":1594252800000,"minVersion":"3.0.5","node8DeploysDisabledAfter":1613390400000,"node8RuntimeDisabledAfter":1615809600000,"node8WarnAfter":1600128000000}
[info] 
=== Project Setup
[info] 
[info] First, let's associate this project directory with a Firebase project.
[info] You can create multiple project aliases by running firebase use --add, 
[info] but for now we'll just set up a default project.
[info] 
[info] i  If you want to create a project in a Google Cloud organization or folder, please use "firebase projects:create" instead, and return to this command when you've created the project. 
[debug] [2023-05-23T12:35:49.156Z] > refreshing access token with scopes: []
[debug] [2023-05-23T12:35:49.159Z] >>> [apiv2][query] POST https://www.googleapis.com/oauth2/v3/token [none]
[debug] [2023-05-23T12:35:49.159Z] >>> [apiv2][body] POST https://www.googleapis.com/oauth2/v3/token [omitted]
[debug] [2023-05-23T12:35:49.351Z] <<< [apiv2][status] POST https://www.googleapis.com/oauth2/v3/token 200
[debug] [2023-05-23T12:35:49.352Z] <<< [apiv2][body] POST https://www.googleapis.com/oauth2/v3/token [omitted]
[debug] [2023-05-23T12:35:49.377Z] >>> [apiv2][query] POST https://cloudresourcemanager.googleapis.com/v1/projects [none]
[debug] [2023-05-23T12:35:49.378Z] >>> [apiv2][body] POST https://cloudresourcemanager.googleapis.com/v1/projects {"projectId":"waterquality","name":"waterqualityprediction"}
[debug] [2023-05-23T12:35:49.843Z] <<< [apiv2][status] POST https://cloudresourcemanager.googleapis.com/v1/projects 409
[debug] [2023-05-23T12:35:49.843Z] <<< [apiv2][body] POST https://cloudresourcemanager.googleapis.com/v1/projects {"error":{"code":409,"message":"Requested entity already exists","status":"ALREADY_EXISTS"}}
[debug] [2023-05-23T12:35:49.982Z] FirebaseError: HTTP Error: 409, Requested entity already exists
    at responseToError (C:\Users\SHAMAN\AppData\Roaming\npm\node_modules\firebase-tools\lib\responseToError.js:49:12)
    at RetryOperation._fn (C:\Users\SHAMAN\AppData\Roaming\npm\node_modules\firebase-tools\lib\apiv2.js:288:77)
    at process.processTicksAndRejections (node:internal/process/task_queues:95:5)
[error] 
[error] Error: Failed to create project because there is already a project with ID waterquality. Please try again with a unique project ID.
[debug] [2023-05-23T12:37:07.354Z] ----------------------------------------------------------------------
[debug] [2023-05-23T12:37:07.360Z] Command:       C:\Program Files\nodejs\node.exe C:\Users\SHAMAN\AppData\Roaming\npm\node_modules\firebase-tools\lib\bin\firebase.js init
[debug] [2023-05-23T12:37:07.361Z] CLI Version:   12.1.0
[debug] [2023-05-23T12:37:07.362Z] Platform:      win32
[debug] [2023-05-23T12:37:07.363Z] Node Version:  v18.15.0
[debug] [2023-05-23T12:37:07.364Z] Time:          Tue May 23 2023 18:07:07 GMT+0530 (India Standard Time)
[debug] [2023-05-23T12:37:07.365Z] ----------------------------------------------------------------------
[debug] 
[debug] [2023-05-23T12:37:07.385Z] > command requires scopes: ["email","openid","https://www.googleapis.com/auth/cloudplatformprojects.readonly","https://www.googleapis.com/auth/firebase","https://www.googleapis.com/auth/cloud-platform"]
[debug] [2023-05-23T12:37:07.386Z] > authorizing via signed-in user (antonyjudeshaman.24cs@licet.ac.in)
[info] 
     ######## #### ########  ######## ########     ###     ######  ########
     ##        ##  ##     ## ##       ##     ##  ##   ##  ##       ##
     ######    ##  ########  ######   ########  #########  ######  ######
     ##        ##  ##    ##  ##       ##     ## ##     ##       ## ##
     ##       #### ##     ## ######## ########  ##     ##  ######  ########

You're about to initialize a Firebase project in this directory:

  E:\water quality

[info] 
=== Project Setup
[info] 
[info] First, let's associate this project directory with a Firebase project.
[info] You can create multiple project aliases by running firebase use --add, 
[info] but for now we'll just set up a default project.
[info] 
[debug] [2023-05-23T12:37:21.166Z] >>> [apiv2][query] GET https://firebase.googleapis.com/v1beta1/projects pageSize=100
[debug] [2023-05-23T12:37:22.142Z] <<< [apiv2][status] GET https://firebase.googleapis.com/v1beta1/projects 200
[debug] [2023-05-23T12:37:22.143Z] <<< [apiv2][body] GET https://firebase.googleapis.com/v1beta1/projects [omitted]
[info] i  Using project react-6efd3 (react) 
[info] 
=== Hosting Setup
